<?xml version="1.0" encoding="UTF-8" ?>
<testsuites>
  <testsuite errors="0" failures="0" hostname="andrecunhas-Aspire-E5-573" id="0" name="TekEventSpec" package="com.tekdays" tests="1" time="2.691" timestamp="2018-04-17T18:28:05">
      <properties />

      <testcase classname="com.tekdays.TekEventSpec" name="test toString" time="2.572" />

      <system-out><![CDATA[--Output from test toString--
]]></system-out>

      <system-err><![CDATA[--Output from test toString--
]]></system-err>

  </testsuite>
</testsuites>
